{"C:\\Users\\Carly\\Desktop\\husk\\aarcs-husksheets\\src\\api\\dao.ts": {"path":"C:\\Users\\Carly\\Desktop\\husk\\aarcs-husksheets\\src\\api\\dao.ts","statementMap":{"0":{"start":{"line":5,"column":22},"end":{"line":5,"column":46}},"1":{"start":{"line":5,"column":28},"end":{"line":5,"column":46}},"2":{"start":{"line":7,"column":29},"end":{"line":7,"column":85}},"3":{"start":{"line":7,"column":35},"end":{"line":7,"column":85}},"4":{"start":{"line":8,"column":25},"end":{"line":8,"column":120}},"5":{"start":{"line":8,"column":48},"end":{"line":8,"column":120}},"6":{"start":{"line":9,"column":42},"end":{"line":9,"column":188}},"7":{"start":{"line":9,"column":84},"end":{"line":9,"column":188}},"8":{"start":{"line":10,"column":38},"end":{"line":10,"column":169}},"9":{"start":{"line":10,"column":80},"end":{"line":10,"column":169}},"10":{"start":{"line":14,"column":27},"end":{"line":14,"column":210}},"11":{"start":{"line":14,"column":69},"end":{"line":14,"column":210}},"12":{"start":{"line":18,"column":27},"end":{"line":18,"column":142}},"13":{"start":{"line":18,"column":69},"end":{"line":18,"column":142}},"14":{"start":{"line":19,"column":31},"end":{"line":27,"column":2}},"15":{"start":{"line":19,"column":89},"end":{"line":27,"column":2}},"16":{"start":{"line":29,"column":34},"end":{"line":37,"column":2}},"17":{"start":{"line":29,"column":92},"end":{"line":37,"column":2}}},"fnMap":{"0":{"name":"(anonymous_0)","decl":{"start":{"line":5,"column":22},"end":{"line":5,"column":23}},"loc":{"start":{"line":5,"column":28},"end":{"line":5,"column":46}},"line":5},"1":{"name":"(anonymous_1)","decl":{"start":{"line":7,"column":29},"end":{"line":7,"column":30}},"loc":{"start":{"line":7,"column":35},"end":{"line":7,"column":85}},"line":7},"2":{"name":"(anonymous_2)","decl":{"start":{"line":8,"column":25},"end":{"line":8,"column":26}},"loc":{"start":{"line":8,"column":48},"end":{"line":8,"column":120}},"line":8},"3":{"name":"(anonymous_3)","decl":{"start":{"line":9,"column":42},"end":{"line":9,"column":43}},"loc":{"start":{"line":9,"column":84},"end":{"line":9,"column":188}},"line":9},"4":{"name":"(anonymous_4)","decl":{"start":{"line":10,"column":38},"end":{"line":10,"column":39}},"loc":{"start":{"line":10,"column":80},"end":{"line":10,"column":169}},"line":10},"5":{"name":"(anonymous_5)","decl":{"start":{"line":14,"column":27},"end":{"line":14,"column":28}},"loc":{"start":{"line":14,"column":69},"end":{"line":14,"column":210}},"line":14},"6":{"name":"(anonymous_6)","decl":{"start":{"line":18,"column":27},"end":{"line":18,"column":28}},"loc":{"start":{"line":18,"column":69},"end":{"line":18,"column":142}},"line":18},"7":{"name":"(anonymous_7)","decl":{"start":{"line":19,"column":31},"end":{"line":19,"column":32}},"loc":{"start":{"line":19,"column":89},"end":{"line":27,"column":2}},"line":19},"8":{"name":"(anonymous_8)","decl":{"start":{"line":29,"column":34},"end":{"line":29,"column":35}},"loc":{"start":{"line":29,"column":92},"end":{"line":37,"column":2}},"line":29}},"branchMap":{},"s":{"0":1,"1":1,"2":1,"3":1,"4":1,"5":1,"6":1,"7":1,"8":1,"9":1,"10":1,"11":1,"12":1,"13":1,"14":1,"15":1,"16":1,"17":1},"f":{"0":1,"1":1,"2":1,"3":1,"4":1,"5":1,"6":1,"7":1,"8":1},"b":{},"_coverageSchema":"1a1c01bbd47fc00a2c39e90264f33305004495a9","hash":"07ce90a6bce494c97e8d7c965836d3b5c466a190"}
,"C:\\Users\\Carly\\Desktop\\husk\\aarcs-husksheets\\src\\api\\models\\spreadsheet.ts": {"path":"C:\\Users\\Carly\\Desktop\\husk\\aarcs-husksheets\\src\\api\\models\\spreadsheet.ts","statementMap":{"0":{"start":{"line":4,"column":26},"end":{"line":21,"column":2}},"1":{"start":{"line":23,"column":20},"end":{"line":23,"column":85}}},"fnMap":{},"branchMap":{},"s":{"0":1,"1":1},"f":{},"b":{},"_coverageSchema":"1a1c01bbd47fc00a2c39e90264f33305004495a9","hash":"fcfd663c5021459795b07656a1bb572beacd1e9b"}
}
